<?xml version="1.0" encoding="UTF-8"?>
<!-- Generated by org.testng.reporters.JUnitReportReporter -->
<testsuite hostname="DESKTOP-P5VIQI6" failures="0" tests="1" name="runner.MyRunner" time="0.127" errors="0" timestamp="2024-05-23T20:56:04 EDT" skipped="0">
  <testcase classname="runner.MyRunner" name="runScenario" time="0.127"/>
  <system-out/>
</testsuite> <!-- runner.MyRunner -->
